<?xml version="1.0" encoding="UTF-8"?>
<testng-results ignored="0" total="1" passed="1" failed="0" skipped="0">
  <reporter-output>
    <line>
      <![CDATA[Electronics      Electronics]]>
    </line>
    <line>
      <![CDATA[Stock-000001126  Stock-000001126]]>
    </line>
  </reporter-output>
  <suite started-at="2024-04-16T20:48:24 IST" name="Surefire suite" finished-at="2024-04-16T20:49:25 IST" duration-ms="60986">
    <groups>
    </groups>
    <test started-at="2024-04-16T20:48:24 IST" name="Surefire test" finished-at="2024-04-16T20:49:25 IST" duration-ms="60986">
      <class name="driverFactory.AppTest">
        <test-method signature="kickStart()[pri:0, instance:driverFactory.AppTest@2892dae4]" started-at="2024-04-16T20:48:24 IST" name="kickStart" finished-at="2024-04-16T20:49:25 IST" duration-ms="60909" status="PASS">
          <reporter-output>
            <line>
              <![CDATA[Electronics      Electronics]]>
            </line>
            <line>
              <![CDATA[Stock-000001126  Stock-000001126]]>
            </line>
          </reporter-output>
        </test-method> <!-- kickStart -->
      </class> <!-- driverFactory.AppTest -->
    </test> <!-- Surefire test -->
  </suite> <!-- Surefire suite -->
</testng-results>
