<?xml version="1.0" encoding="UTF-8"?>
<testng-results ignored="0" total="1" passed="1" failed="0" skipped="0">
  <reporter-output>
  </reporter-output>
  <suite started-at="2024-04-15T15:35:19 IST" name="Default suite" finished-at="2024-04-15T15:35:37 IST" duration-ms="17919">
    <groups>
    </groups>
    <test started-at="2024-04-15T15:35:19 IST" name="Default test" finished-at="2024-04-15T15:35:37 IST" duration-ms="17919">
      <class name="driverFactory.AppTest">
        <test-method signature="kickStart()[pri:0, instance:driverFactory.AppTest@272113c4]" started-at="2024-04-15T15:35:19 IST" name="kickStart" finished-at="2024-04-15T15:35:37 IST" duration-ms="17835" status="PASS">
          <reporter-output>
          </reporter-output>
        </test-method> <!-- kickStart -->
      </class> <!-- driverFactory.AppTest -->
    </test> <!-- Default test -->
  </suite> <!-- Default suite -->
</testng-results>
